
================================================================================
NEW RUN STARTED: 2025-09-23 10:22:02.451839 | Run ID: 20250923_102202
================================================================================

================================================================================
NEW RUN STARTED: 2025-09-23 10:22:04.164742 | Run ID: 20250923_102204
================================================================================

================================================================================
NEW RUN STARTED: 2025-09-23 10:22:04.393418 | Run ID: 20250923_102204
================================================================================
2025-09-23 10:22:04,393 [INFO] 🚀 Starting automated ML pipeline...
2025-09-23 10:22:04,417 [INFO] Math dataset loaded successfully with shape (395, 33)
2025-09-23 10:22:04,419 [INFO] Portuguese dataset loaded successfully with shape (649, 33)
2025-09-23 10:22:04,419 [INFO] 📊 Generating EDA plots for math dataset...
2025-09-23 10:22:11,842 [INFO] ✅ math EDA completed
2025-09-23 10:22:11,842 [INFO] 📊 Generating EDA plots for portuguese dataset...
2025-09-23 10:22:19,391 [INFO] ✅ portuguese EDA completed
2025-09-23 10:22:19,396 [INFO] 🤖 Training all model-dataset combinations...
2025-09-23 10:22:19,396 [INFO] 🔧 Training 1/4: random_forest on math
2025-09-23 10:22:19,410 [INFO] Math dataset loaded successfully with shape (395, 33)
2025-09-23 10:22:19,410 [INFO] Portuguese dataset loaded successfully with shape (649, 33)
2025-09-23 10:22:19,413 [INFO] Training random_forest on math dataset...
2025-09-23 10:22:19,847 [INFO] ✅ Model training completed. Train size: 316, Test size: 79
2025-09-23 10:22:19,903 [INFO] 📊 Model evaluation completed. Metrics saved to: C:\Users\16412\Documents\Projects\student-grade-prediction\results\metrics\metrics_math_random_forest.csv
2025-09-23 10:22:19,905 [INFO]    MAE: 1.179, RMSE: 1.958, R²: 0.813
2025-09-23 10:22:20,008 [INFO] [SAVE] Versioned model saved at: C:\Users\16412\Documents\Projects\student-grade-prediction\results\models\random_forest_math.pkl
2025-09-23 10:22:20,281 [INFO] [SAVE] Latest model updated at: C:\Users\16412\Documents\Projects\student-grade-prediction\results\models\latest_model.pkl
2025-09-23 10:22:20,284 [INFO] ✅ Pipeline completed in 0.89s. MAE: 1.179, R²: 0.813
2025-09-23 10:22:20,284 [INFO] 🔧 Training 2/4: linear_regression on math
2025-09-23 10:22:20,339 [INFO] Math dataset loaded successfully with shape (395, 33)
2025-09-23 10:22:20,340 [INFO] Portuguese dataset loaded successfully with shape (649, 33)
2025-09-23 10:22:20,342 [INFO] Training linear_regression on math dataset...
2025-09-23 10:22:20,380 [INFO] ✅ Model training completed. Train size: 316, Test size: 79
2025-09-23 10:22:20,404 [INFO] 📊 Model evaluation completed. Metrics saved to: C:\Users\16412\Documents\Projects\student-grade-prediction\results\metrics\metrics_math_linear_regression.csv
2025-09-23 10:22:20,405 [INFO]    MAE: 1.647, RMSE: 2.378, R²: 0.724
2025-09-23 10:22:20,416 [INFO] [SAVE] Versioned model saved at: C:\Users\16412\Documents\Projects\student-grade-prediction\results\models\linear_regression_math.pkl
2025-09-23 10:22:20,428 [INFO] [SAVE] Latest model updated at: C:\Users\16412\Documents\Projects\student-grade-prediction\results\models\latest_model.pkl
2025-09-23 10:22:20,433 [INFO] ✅ Pipeline completed in 0.15s. MAE: 1.647, R²: 0.724
2025-09-23 10:22:20,434 [INFO] 🔧 Training 3/4: random_forest on portuguese
2025-09-23 10:22:20,439 [INFO] Math dataset loaded successfully with shape (395, 33)
2025-09-23 10:22:20,444 [INFO] Portuguese dataset loaded successfully with shape (649, 33)
2025-09-23 10:22:20,447 [INFO] Training random_forest on portuguese dataset...
2025-09-23 10:22:21,214 [INFO] ✅ Model training completed. Train size: 519, Test size: 130
2025-09-23 10:22:21,242 [INFO] 📊 Model evaluation completed. Metrics saved to: C:\Users\16412\Documents\Projects\student-grade-prediction\results\metrics\metrics_portuguese_random_forest.csv
2025-09-23 10:22:21,243 [INFO]    MAE: 0.747, RMSE: 1.243, R²: 0.842
2025-09-23 10:22:21,314 [INFO] [SAVE] Versioned model saved at: C:\Users\16412\Documents\Projects\student-grade-prediction\results\models\random_forest_portuguese.pkl
2025-09-23 10:22:21,375 [INFO] [SAVE] Latest model updated at: C:\Users\16412\Documents\Projects\student-grade-prediction\results\models\latest_model.pkl
2025-09-23 10:22:21,376 [INFO] ✅ Pipeline completed in 0.94s. MAE: 0.747, R²: 0.842
2025-09-23 10:22:21,376 [INFO] 🔧 Training 4/4: linear_regression on portuguese
2025-09-23 10:22:21,388 [INFO] Math dataset loaded successfully with shape (395, 33)
2025-09-23 10:22:21,390 [INFO] Portuguese dataset loaded successfully with shape (649, 33)
2025-09-23 10:22:21,392 [INFO] Training linear_regression on portuguese dataset...
2025-09-23 10:22:21,417 [INFO] ✅ Model training completed. Train size: 519, Test size: 130
2025-09-23 10:22:21,439 [INFO] 📊 Model evaluation completed. Metrics saved to: C:\Users\16412\Documents\Projects\student-grade-prediction\results\metrics\metrics_portuguese_linear_regression.csv
2025-09-23 10:22:21,439 [INFO]    MAE: 0.765, RMSE: 1.215, R²: 0.849
2025-09-23 10:22:21,445 [INFO] [SAVE] Versioned model saved at: C:\Users\16412\Documents\Projects\student-grade-prediction\results\models\linear_regression_portuguese.pkl
2025-09-23 10:22:21,454 [INFO] [SAVE] Latest model updated at: C:\Users\16412\Documents\Projects\student-grade-prediction\results\models\latest_model.pkl
2025-09-23 10:22:21,454 [INFO] ✅ Pipeline completed in 0.08s. MAE: 0.765, R²: 0.849
2025-09-23 10:22:21,455 [INFO] 🎉 All done! Check results/ folder for outputs.

================================================================================
NEW RUN STARTED: 2025-09-27 12:28:56.677610 | Run ID: 20250927_122856
================================================================================
2025-09-27 12:29:06,143 [INFO] Math dataset loaded successfully with shape (395, 33)
2025-09-27 12:29:06,145 [INFO] Portuguese dataset loaded successfully with shape (649, 33)
2025-09-27 12:30:22,239 [INFO] Math dataset loaded successfully with shape (395, 33)
2025-09-27 12:30:22,242 [INFO] Portuguese dataset loaded successfully with shape (649, 33)

================================================================================
NEW RUN STARTED: 2025-09-27 12:33:30.560313 | Run ID: 20250927_123330
================================================================================
2025-09-27 12:33:36,157 [INFO] Math dataset loaded successfully with shape (395, 33)
2025-09-27 12:33:36,160 [INFO] Portuguese dataset loaded successfully with shape (649, 33)

================================================================================
NEW RUN STARTED: 2025-09-27 12:35:30.757881 | Run ID: 20250927_123530
================================================================================

================================================================================
NEW RUN STARTED: 2025-09-27 12:35:30.757881 | Run ID: 20250927_123530
================================================================================
2025-09-27 12:35:37,100 [INFO] Math dataset loaded successfully with shape (395, 33)
2025-09-27 12:35:37,100 [INFO] Portuguese dataset loaded successfully with shape (649, 33)
2025-09-27 12:35:47,053 [INFO] ✅ Model training completed. Train size: 316, Test size: 79
2025-09-27 12:35:47,076 [INFO] 📊 Model evaluation completed. Metrics saved to: results/metrics\metrics_math_linear_regression.csv
2025-09-27 12:35:47,093 [INFO]    MAE: 1.647, RMSE: 2.378, R²: 0.724
2025-09-27 12:35:47,105 [INFO] [SAVE] Versioned model saved at: results/models\linear_regression_math.pkl
2025-09-27 12:35:47,117 [INFO] [SAVE] Latest model updated at: results/models\latest_model.pkl
2025-09-27 12:35:47,678 [INFO] ✅ Model training completed. Train size: 316, Test size: 79
2025-09-27 12:35:47,736 [INFO] 📊 Model evaluation completed. Metrics saved to: results/metrics\metrics_math_random_forest.csv
2025-09-27 12:35:47,738 [INFO]    MAE: 1.179, RMSE: 1.958, R²: 0.813
2025-09-27 12:35:47,854 [INFO] [SAVE] Versioned model saved at: results/models\random_forest_math.pkl
2025-09-27 12:35:48,034 [INFO] [SAVE] Latest model updated at: results/models\latest_model.pkl
2025-09-27 12:35:59,659 [INFO] Math dataset loaded successfully with shape (395, 33)
2025-09-27 12:35:59,659 [INFO] Portuguese dataset loaded successfully with shape (649, 33)
2025-09-27 12:35:59,805 [INFO] ✅ Model training completed. Train size: 316, Test size: 79
2025-09-27 12:35:59,859 [INFO] 📊 Model evaluation completed. Metrics saved to: results/metrics\metrics_math_linear_regression.csv
2025-09-27 12:35:59,861 [INFO]    MAE: 1.647, RMSE: 2.378, R²: 0.724
2025-09-27 12:35:59,880 [INFO] [SAVE] Versioned model saved at: results/models\linear_regression_math.pkl
2025-09-27 12:35:59,891 [INFO] [SAVE] Latest model updated at: results/models\latest_model.pkl
2025-09-27 12:36:00,429 [INFO] ✅ Model training completed. Train size: 316, Test size: 79
2025-09-27 12:36:00,451 [INFO] 📊 Model evaluation completed. Metrics saved to: results/metrics\metrics_math_random_forest.csv
2025-09-27 12:36:00,451 [INFO]    MAE: 1.179, RMSE: 1.958, R²: 0.813
2025-09-27 12:36:00,506 [INFO] [SAVE] Versioned model saved at: results/models\random_forest_math.pkl
2025-09-27 12:36:00,570 [INFO] [SAVE] Latest model updated at: results/models\latest_model.pkl
2025-09-27 12:40:18,920 [INFO] Math dataset loaded successfully with shape (395, 33)
2025-09-27 12:40:18,923 [INFO] Portuguese dataset loaded successfully with shape (649, 33)
2025-09-27 12:40:19,085 [INFO] ✅ Model training completed. Train size: 316, Test size: 79
2025-09-27 12:40:19,119 [INFO] 📊 Model evaluation completed. Metrics saved to: results/metrics\metrics_math_linear_regression.csv
2025-09-27 12:40:19,122 [INFO]    MAE: 1.647, RMSE: 2.378, R²: 0.724
2025-09-27 12:40:19,137 [INFO] [SAVE] Versioned model saved at: results/models\linear_regression_math.pkl
2025-09-27 12:40:19,147 [INFO] [SAVE] Latest model updated at: results/models\latest_model.pkl
2025-09-27 12:40:19,605 [INFO] ✅ Model training completed. Train size: 316, Test size: 79
2025-09-27 12:40:19,638 [INFO] 📊 Model evaluation completed. Metrics saved to: results/metrics\metrics_math_random_forest.csv
2025-09-27 12:40:19,638 [INFO]    MAE: 1.179, RMSE: 1.958, R²: 0.813
2025-09-27 12:40:19,704 [INFO] [SAVE] Versioned model saved at: results/models\random_forest_math.pkl
2025-09-27 12:40:19,767 [INFO] [SAVE] Latest model updated at: results/models\latest_model.pkl
